
Logging in file odamex.log started Sun Oct 16 23:05:01 2022

Could not find "D:\1_UNLIMITED_POWER_1\Doom_Things\ZDaemon\wads\DRON12261\odamex.cfg"

=================================
DOOM 2: Hell on Earth

adding D:\1_UNLIMITED_POWER_1\Doom_Things\Odamex 0.9\odamex.wad (240 lumps)
adding D:\1_UNLIMITED_POWER_1\Doom_Things\Odamex 0.9\DOOM2.WAD (2919 lumps)
adding D:\1_UNLIMITED_POWER_1\Doom_Things\ZDaemon\wads\DRON12261\UnloadingSector v1 by DRON12261 [MAP01, DOOM2, FFA&DUEL].wad (14 lumps)
adding D:\1_UNLIMITED_POWER_1\Doom_Things\ZDaemon\wads\DRON12261\UnloadingSector v1 by DRON12261 [MAP01, DOOM2, FFA&DUEL].wad
 (DeHackEd patch)
I_Init: Init hardware.
I_InitSound: Initializing SDL's sound subsystem
I_InitSound: Using SDL's audio driver (wasapi)
I_InitSound: Initializing SDL_mixer
I_InitSound: Using 16 channels (freq:44100, fmt:32784, chan:2)
I_InitSound: sound module ready
0: MMSystem, Microsoft MIDI Mapper
1: MMSystem, Microsoft GS Wavetable Synth
I_InitMusic: Music playback enabled using PortMidi.
V_Init: rendering mode "direct3d"
I_InitHardware: native resolution: 1920x1080 32bpp (window)
I_InitInput: intializing SDL 2.0 keyboard
I_InitInput: intializing SDL 2.0 mouse
Z_Init: Heapsize: 128 megabytes
V_Init: using windows video driver.
R_Init: Init DOOM refresh daemon.
M_Init: Init miscellaneous info.
P_Init: Init Playloop state.
S_Init: Setting up sound.
S_Init: default sfx volume is 0.5
S_Init: default music volume is 0.5
ST_Init: Init status bar.
setsockopt SO_SNDBUF: No such file or directorysetsockopt SO_RCVBUF: No such file or directoryr_optimize detected "sse2"
r_optimize set to "sse2" based on availability
CL_DownloadInit: Init HTTP subsystem (libcurl 7.71.1)
D_CheckNetGame: Checking network game status.
Bound to local port 10667

===== Odamex Client Initialized =====
Type connect <address> or use the Odamex Launcher to connect to a game.


=================================
MAP01: "Unloading Sector [by DRON12261]"

Texture  not found
You got the shotgun!
Picked up 4 shotgun shells.
Picked up 4 shotgun shells.
Picked up 4 shotgun shells.
You got the super shotgun!
Picked up 4 shotgun shells.
You got the chaingun!
Picked up 4 shotgun shells.
Supercharge!
Picked up an armor bonus.
Picked up a clip.
Picked up a clip.
You got the chaingun!
Picked up a clip.
Configuration saved to D:\1_UNLIMITED_POWER_1\Doom_Things\ZDaemon\wads\DRON12261\odamex.cfg.

Logging in file odamex.log started Tue Oct 18 02:56:05 2022


=================================
DOOM 2: Hell on Earth

adding D:\1_UNLIMITED_POWER_1\Doom_Things\Odamex 0.9\odamex.wad (240 lumps)
adding D:\1_UNLIMITED_POWER_1\Doom_Things\Odamex 0.9\DOOM2.WAD (2919 lumps)
adding D:\1_UNLIMITED_POWER_1\Doom_Things\ZDaemon\wads\DRON12261\UnloadingSector v1 by DRON12261 [MAP01, DOOM2, FFA&DUEL].wad (14 lumps)
adding D:\1_UNLIMITED_POWER_1\Doom_Things\ZDaemon\wads\DRON12261\UnloadingSector v1 by DRON12261 [MAP01, DOOM2, FFA&DUEL].wad
 (DeHackEd patch)
I_Init: Init hardware.
I_InitSound: Initializing SDL's sound subsystem
I_InitSound: Using SDL's audio driver (wasapi)
I_InitSound: Initializing SDL_mixer
I_InitSound: Using 16 channels (freq:44100, fmt:32784, chan:2)
I_InitSound: sound module ready
0: MMSystem, Microsoft MIDI Mapper
1: MMSystem, Microsoft GS Wavetable Synth
I_InitMusic: Music playback enabled using PortMidi.
V_Init: rendering mode "direct3d"
I_InitHardware: native resolution: 1920x1080 32bpp (window)
I_InitInput: intializing SDL 2.0 keyboard
I_InitInput: intializing SDL 2.0 mouse
Z_Init: Heapsize: 128 megabytes
V_Init: using windows video driver.
R_Init: Init DOOM refresh daemon.
MAPINFO:4: Script Error: Missing floating-point number (unexpected end of file).


Configuration saved to D:\1_UNLIMITED_POWER_1\Doom_Things\ZDaemon\wads\DRON12261\odamex.cfg.

Logging in file odamex.log started Tue Oct 18 02:57:00 2022


=================================
DOOM 2: Hell on Earth

adding D:\1_UNLIMITED_POWER_1\Doom_Things\Odamex 0.9\odamex.wad (240 lumps)
adding D:\1_UNLIMITED_POWER_1\Doom_Things\Odamex 0.9\DOOM2.WAD (2919 lumps)
adding D:\1_UNLIMITED_POWER_1\Doom_Things\ZDaemon\wads\DRON12261\UnloadingSector v1 by DRON12261 [MAP01, DOOM2, FFA&DUEL].wad (14 lumps)
adding D:\1_UNLIMITED_POWER_1\Doom_Things\ZDaemon\wads\DRON12261\UnloadingSector v1 by DRON12261 [MAP01, DOOM2, FFA&DUEL].wad
 (DeHackEd patch)
I_Init: Init hardware.
I_InitSound: Initializing SDL's sound subsystem
I_InitSound: Using SDL's audio driver (wasapi)
I_InitSound: Initializing SDL_mixer
I_InitSound: Using 16 channels (freq:44100, fmt:32784, chan:2)
I_InitSound: sound module ready
0: MMSystem, Microsoft MIDI Mapper
1: MMSystem, Microsoft GS Wavetable Synth
I_InitMusic: Music playback enabled using PortMidi.
V_Init: rendering mode "direct3d"
I_InitHardware: native resolution: 1920x1080 32bpp (window)
I_InitInput: intializing SDL 2.0 keyboard
I_InitInput: intializing SDL 2.0 mouse
Z_Init: Heapsize: 128 megabytes
V_Init: using windows video driver.
R_Init: Init DOOM refresh daemon.
MAPINFO:4: Script Error: Missing floating-point number (unexpected end of file).


Configuration saved to D:\1_UNLIMITED_POWER_1\Doom_Things\ZDaemon\wads\DRON12261\odamex.cfg.

Logging in file odamex.log started Tue Oct 18 03:15:56 2022


=================================
DOOM 2: Hell on Earth

adding D:\1_UNLIMITED_POWER_1\Doom_Things\Odamex 0.9\odamex.wad (240 lumps)
adding D:\1_UNLIMITED_POWER_1\Doom_Things\Odamex 0.9\DOOM2.WAD (2919 lumps)
adding D:\1_UNLIMITED_POWER_1\Doom_Things\ZDaemon\wads\DRON12261\UnloadingSector v2 by DRON12261 [MAP01, DOOM2, FFA&DUEL].wad (14 lumps)
adding D:\1_UNLIMITED_POWER_1\Doom_Things\ZDaemon\wads\DRON12261\UnloadingSector v2 by DRON12261 [MAP01, DOOM2, FFA&DUEL].wad
 (DeHackEd patch)
I_Init: Init hardware.
I_InitSound: Initializing SDL's sound subsystem
I_InitSound: Using SDL's audio driver (wasapi)
I_InitSound: Initializing SDL_mixer
I_InitSound: Using 16 channels (freq:44100, fmt:32784, chan:2)
I_InitSound: sound module ready
0: MMSystem, Microsoft MIDI Mapper
1: MMSystem, Microsoft GS Wavetable Synth
I_InitMusic: Music playback enabled using PortMidi.
V_Init: rendering mode "direct3d"
I_InitHardware: native resolution: 1920x1080 32bpp (window)
I_InitInput: intializing SDL 2.0 keyboard
I_InitInput: intializing SDL 2.0 mouse
Z_Init: Heapsize: 128 megabytes
V_Init: using windows video driver.
R_Init: Init DOOM refresh daemon.
M_Init: Init miscellaneous info.
P_Init: Init Playloop state.
S_Init: Setting up sound.
S_Init: default sfx volume is 0.5
S_Init: default music volume is 0.5
ST_Init: Init status bar.
setsockopt SO_SNDBUF: No such file or directorysetsockopt SO_RCVBUF: No such file or directoryr_optimize detected "sse2"
CL_DownloadInit: Init HTTP subsystem (libcurl 7.71.1)
D_CheckNetGame: Checking network game status.
Bound to local port 10667

===== Odamex Client Initialized =====
Type connect <address> or use the Odamex Launcher to connect to a game.


=================================
MAP01: "Unloading Sector [by DRON12261]"

Picked up 4 shotgun shells.
Picked up 4 shotgun shells.
You got the shotgun!
Picked up 4 shotgun shells.
You got the chaingun!
Supercharge!
Configuration saved to D:\1_UNLIMITED_POWER_1\Doom_Things\ZDaemon\wads\DRON12261\odamex.cfg.
